<?xml version="1.0" ?><testsuite name="ed.algebra.PolinomioTest" time="0.014" timestamp="2021-12-23T03:50:58" tests="4" failures="0" skipped="0" aborted="0"><properties><property name="ant.library.dir" value="/snap/ant/22/lib"></property><property name="ant.file.type" value="file"></property><property name="java.specification.version" value="16"></property><property name="ant.project.name" value="ED"></property><property name="sun.jnu.encoding" value="UTF-8"></property><property name="dist" value="dist"></property><property name="java.class.path" value="/snap/ant/22/lib/ant-launcher.jar:/home/emmanuel/Documentos/Carrera/ED/Practicas/Proyecto2/libs/ant-junitlauncher-1.10.7.jar:/snap/ant/22/lib/ant-antlr.jar:/snap/ant/22/lib/ant-apache-bcel.jar:/snap/ant/22/lib/ant-apache-bsf.jar:/snap/ant/22/lib/ant-apache-log4j.jar:/snap/ant/22/lib/ant-apache-oro.jar:/snap/ant/22/lib/ant-apache-regexp.jar:/snap/ant/22/lib/ant-apache-resolver.jar:/snap/ant/22/lib/ant-apache-xalan2.jar:/snap/ant/22/lib/ant-commons-logging.jar:/snap/ant/22/lib/ant-commons-net.jar:/snap/ant/22/lib/ant-imageio.jar:/snap/ant/22/lib/ant-jai.jar:/snap/ant/22/lib/ant-javamail.jar:/snap/ant/22/lib/ant-jdepend.jar:/snap/ant/22/lib/ant-jmf.jar:/snap/ant/22/lib/ant-jsch.jar:/snap/ant/22/lib/ant-junit.jar:/snap/ant/22/lib/ant-junit4.jar:/snap/ant/22/lib/ant-junitlauncher.jar:/snap/ant/22/lib/ant-launcher.jar:/snap/ant/22/lib/ant-netrexx.jar:/snap/ant/22/lib/ant-swing.jar:/snap/ant/22/lib/ant-testutil.jar:/snap/ant/22/lib/ant-xz.jar:/snap/ant/22/lib/ant.jar"></property><property name="java.vm.vendor" value="Private Build"></property><property name="sun.arch.data.model" value="64"></property><property name="docs" value="docs"></property><property name="java.vendor.url" value="Unknown"></property><property name="os.name" value="Linux"></property><property name="java.vm.specification.version" value="16"></property><property name="DSTAMP" value="20211222"></property><property name="user.country" value="MX"></property><property name="sun.java.launcher" value="SUN_STANDARD"></property><property name="sun.boot.library.path" value="/usr/lib/jvm/java-16-openjdk-amd64/lib"></property><property name="sun.java.command" value="org.apache.tools.ant.launch.Launcher -cp  -lib libs/ant-junitlauncher-1.10.7.jar test"></property><property name="jdk.debug" value="release"></property><property name="sun.cpu.endian" value="little"></property><property name="user.home" value="/home/emmanuel"></property><property name="user.language" value="es"></property><property name="java.specification.vendor" value="Oracle Corporation"></property><property name="tests.report" value="reportes"></property><property name="java.version.date" value="2021-04-20"></property><property name="java.home" value="/usr/lib/jvm/java-16-openjdk-amd64"></property><property name="file.separator" value="/"></property><property name="basedir" value="/home/emmanuel/Documentos/Carrera/ED/Practicas/Proyecto2"></property><property name="java.vm.compressedOopsMode" value="Zero based"></property><property name="line.separator" value="
"></property><property name="ant.java.version" value="16"></property><property name="tests" value="test"></property><property name="java.specification.name" value="Java Platform API Specification"></property><property name="java.vm.specification.vendor" value="Oracle Corporation"></property><property name="libs" value="libs"></property><property name="TSTAMP" value="2150"></property><property name="mainClass" value="ed.algebra.Algebra"></property><property name="sun.management.compiler" value="HotSpot 64-Bit Tiered Compilers"></property><property name="java.runtime.version" value="16.0.1+9-Ubuntu-120.04"></property><property name="user.name" value="emmanuel"></property><property name="ant.file" value="/home/emmanuel/Documentos/Carrera/ED/Practicas/Proyecto2/build.xml"></property><property name="ant.file.type.ED" value="file"></property><property name="path.separator" value=":"></property><property name="os.version" value="5.11.0-43-generic"></property><property name="build.test" value="build.test"></property><property name="java.runtime.name" value="OpenJDK Runtime Environment"></property><property name="file.encoding" value="UTF-8"></property><property name="ant.project.invoked-targets" value="test"></property><property name="java.vm.name" value="OpenJDK 64-Bit Server VM"></property><property name="ant.core.lib" value="/snap/ant/22/lib/ant.jar"></property><property name="java.vendor.url.bug" value="Unknown"></property><property name="java.io.tmpdir" value="/tmp"></property><property name="java.version" value="16.0.1"></property><property name="TODAY" value="December 22 2021"></property><property name="src" value="src"></property><property name="user.dir" value="/home/emmanuel/Documentos/Carrera/ED/Practicas/Proyecto2"></property><property name="os.arch" value="amd64"></property><property name="java.vm.specification.name" value="Java Virtual Machine Specification"></property><property name="ant.home" value="/snap/ant/22"></property><property name="ant.version" value="Apache Ant(TM) version 1.10.12 compiled on October 13 2021"></property><property name="java.library.path" value="/usr/java/packages/lib:/usr/lib/x86_64-linux-gnu/jni:/lib/x86_64-linux-gnu:/usr/lib/x86_64-linux-gnu:/usr/lib/jni:/lib:/usr/lib"></property><property name="java.vendor" value="Private Build"></property><property name="java.vm.info" value="mixed mode, sharing"></property><property name="build" value="build"></property><property name="java.vm.version" value="16.0.1+9-Ubuntu-120.04"></property><property name="sun.io.unicode.encoding" value="UnicodeLittle"></property><property name="java.class.version" value="60.0"></property><property name="ant.file.ED" value="/home/emmanuel/Documentos/Carrera/ED/Practicas/Proyecto2/build.xml"></property><property name="ant.project.default-target" value="run"></property></properties><testcase classname="ed.algebra.PolinomioTest" name="multiplicaPolinomios1()" time="0.005"></testcase><testcase classname="ed.algebra.PolinomioTest" name="sumaPolinomios2()" time="0.001"></testcase><testcase classname="ed.algebra.PolinomioTest" name="multiplicaPolinomios2()" time="0.001"></testcase><testcase classname="ed.algebra.PolinomioTest" name="sumaPolinomios1()" time="0.001"></testcase><system-out>Multiplicación 1:
1.0 + 2.0x + 3.0x^2 + 4.0x^3
+
5.0x^2 + 6.0x^3 + 7.0x^4 + 8.0x^8 + 9.0x^11
=
5.0x^2 + 16.0x^3 + 34.0x^4 + 52.0x^5 + 45.0x^6 + 28.0x^7 + 8.0x^8 + 16.0x^9 + 24.0x^10 + 41.0x^11 + 18.0x^12 + 27.0x^13 + 36.0x^14
Multiplicación 2:
5.0x -1.0x^2
+
-1.0 + 1.0x
=
-5.0x + 6.0x^2 -1.0x^3
Suma 1:
1.0 + 2.0x + 3.0x^2 + 4.0x^3
+
5.0x^2 + 6.0x^3 + 7.0x^4 + 8.0x^8 + 9.0x^11
=
1.0 + 2.0x + 8.0x^2 + 10.0x^3 + 7.0x^4 + 8.0x^8 + 9.0x^11
Suma 2:
5.0x -1.0x^2
+
-1.0 + 1.0x
=
-1.0 + 6.0x -1.0x^2
</system-out></testsuite>