<?xml version="1.0" encoding="UTF-8"?>
<testsuite name="JUnit Jupiter" tests="5" skipped="0" failures="0" errors="0" time="0.064" hostname="KLVL-WXX9" timestamp="2021-12-22T21:50:58">
<properties>
<property name="file.encoding" value="UTF-8"/>
<property name="file.separator" value="/"/>
<property name="java.class.path" value="/home/emmanuel/Documentos/Carrera/ED/Practicas/Proyecto2/libs/junit-platform-console-standalone-1.8.1.jar:/home/emmanuel/Documentos/Carrera/ED/Practicas/Proyecto2/build:/home/emmanuel/Documentos/Carrera/ED/Practicas/Proyecto2/build.test"/>
<property name="java.class.version" value="60.0"/>
<property name="java.home" value="/usr/lib/jvm/java-16-openjdk-amd64"/>
<property name="java.io.tmpdir" value="/tmp"/>
<property name="java.library.path" value="/usr/java/packages/lib:/usr/lib/x86_64-linux-gnu/jni:/lib/x86_64-linux-gnu:/usr/lib/x86_64-linux-gnu:/usr/lib/jni:/lib:/usr/lib"/>
<property name="java.runtime.name" value="OpenJDK Runtime Environment"/>
<property name="java.runtime.version" value="16.0.1+9-Ubuntu-120.04"/>
<property name="java.specification.name" value="Java Platform API Specification"/>
<property name="java.specification.vendor" value="Oracle Corporation"/>
<property name="java.specification.version" value="16"/>
<property name="java.vendor" value="Private Build"/>
<property name="java.vendor.url" value="Unknown"/>
<property name="java.vendor.url.bug" value="Unknown"/>
<property name="java.version" value="16.0.1"/>
<property name="java.version.date" value="2021-04-20"/>
<property name="java.vm.compressedOopsMode" value="Zero based"/>
<property name="java.vm.info" value="mixed mode, sharing"/>
<property name="java.vm.name" value="OpenJDK 64-Bit Server VM"/>
<property name="java.vm.specification.name" value="Java Virtual Machine Specification"/>
<property name="java.vm.specification.vendor" value="Oracle Corporation"/>
<property name="java.vm.specification.version" value="16"/>
<property name="java.vm.vendor" value="Private Build"/>
<property name="java.vm.version" value="16.0.1+9-Ubuntu-120.04"/>
<property name="jdk.debug" value="release"/>
<property name="line.separator" value="
"/>
<property name="os.arch" value="amd64"/>
<property name="os.name" value="Linux"/>
<property name="os.version" value="5.11.0-43-generic"/>
<property name="path.separator" value=":"/>
<property name="sun.arch.data.model" value="64"/>
<property name="sun.boot.library.path" value="/usr/lib/jvm/java-16-openjdk-amd64/lib"/>
<property name="sun.cpu.endian" value="little"/>
<property name="sun.io.unicode.encoding" value="UnicodeLittle"/>
<property name="sun.java.command" value="org.junit.platform.console.ConsoleLauncher --scan-classpath --reports-dir reportes"/>
<property name="sun.java.launcher" value="SUN_STANDARD"/>
<property name="sun.jnu.encoding" value="UTF-8"/>
<property name="sun.management.compiler" value="HotSpot 64-Bit Tiered Compilers"/>
<property name="user.country" value="MX"/>
<property name="user.dir" value="/home/emmanuel/Documentos/Carrera/ED/Practicas/Proyecto2"/>
<property name="user.home" value="/home/emmanuel"/>
<property name="user.language" value="es"/>
<property name="user.name" value="emmanuel"/>
<property name="user.timezone" value="America/Mexico_City"/>
</properties>
<testcase name="multiplicaPolinomios1()" classname="ed.algebra.PolinomioTest" time="0.004">
<system-out><![CDATA[
unique-id: [engine:junit-jupiter]/[class:ed.algebra.PolinomioTest]/[method:multiplicaPolinomios1()]
display-name: multiplicaPolinomios1()
]]></system-out>
</testcase>
<testcase name="sumaPolinomios2()" classname="ed.algebra.PolinomioTest" time="0">
<system-out><![CDATA[
unique-id: [engine:junit-jupiter]/[class:ed.algebra.PolinomioTest]/[method:sumaPolinomios2()]
display-name: sumaPolinomios2()
]]></system-out>
</testcase>
<testcase name="sumaMonomios()" classname="ed.algebra.MonomioTest" time="0.024">
<system-out><![CDATA[
unique-id: [engine:junit-jupiter]/[class:ed.algebra.MonomioTest]/[method:sumaMonomios()]
display-name: sumaMonomios()
]]></system-out>
</testcase>
<testcase name="multiplicaPolinomios2()" classname="ed.algebra.PolinomioTest" time="0.001">
<system-out><![CDATA[
unique-id: [engine:junit-jupiter]/[class:ed.algebra.PolinomioTest]/[method:multiplicaPolinomios2()]
display-name: multiplicaPolinomios2()
]]></system-out>
</testcase>
<testcase name="sumaPolinomios1()" classname="ed.algebra.PolinomioTest" time="0.001">
<system-out><![CDATA[
unique-id: [engine:junit-jupiter]/[class:ed.algebra.PolinomioTest]/[method:sumaPolinomios1()]
display-name: sumaPolinomios1()
]]></system-out>
</testcase>
<system-out><![CDATA[
unique-id: [engine:junit-jupiter]
display-name: JUnit Jupiter
]]></system-out>
</testsuite>
